30.06.2022 17:23:25 Form_Activate
Started ...
30.06.2022 17:23:26 Form_Activate
b4 paraakhna tasdeek ...
30.06.2022 17:23:26 ParekhnaTasdeek
b4 KiaAwwal...
30.06.2022 17:23:54 ParekhnaTasdeek
b4 LainaIJanchDin...
30.06.2022 17:23:55 ParekhnaTasdeek call: 
-1
30.06.2022 17:24:20 Form_Activate
Started ...
30.06.2022 17:24:20 Form_Activate
b4 paraakhna tasdeek ...
30.06.2022 17:24:20 ParekhnaTasdeek
b4 KiaAwwal...
30.06.2022 17:24:20 ParekhnaTasdeek
b4 LainaIJanchDin...
30.06.2022 17:24:21 ParekhnaTasdeek call: 
-1
30.06.2022 17:24:54 ParekhnaTasdeek
b4 LainaIJanchDin...
30.06.2022 17:24:54 Form_Activate
Started ...
30.06.2022 17:24:54 Form_Activate
b4 paraakhna tasdeek ...
30.06.2022 17:24:54 ParekhnaTasdeek
b4 KiaAwwal...
30.06.2022 17:24:54 ParekhnaTasdeek
b4 LainaIJanchDin...
30.06.2022 17:24:55 ParekhnaTasdeek call: 
-1
30.06.2022 17:27:06 ParekhnaTasdeek call: 
-1
30.06.2022 17:27:07 ParekhnaTasdeek call: 
-1
30.06.2022 17:27:26 ParekhnaTasdeek call: 
-1
