30.07.2022 13:13:01 Form_Activate
Started ...
30.07.2022 13:13:01 Form_Activate
b4 paraakhna tasdeek ...
30.07.2022 13:13:01 ParekhnaTasdeek
b4 KiaAwwal...
30.07.2022 13:13:01 ParekhnaTasdeek
b4 LainaIJanchDin...
30.07.2022 13:13:02 ParekhnaTasdeek call: 
-1
30.07.2022 13:28:28 ParekhnaTasdeek
b4 LainaIJanchDin...
30.07.2022 13:30:03 Form_Activate
Started ...
30.07.2022 13:30:04 Form_Activate
b4 paraakhna tasdeek ...
30.07.2022 13:30:04 ParekhnaTasdeek
b4 KiaAwwal...
30.07.2022 13:32:06 ParekhnaTasdeek
b4 LainaIJanchDin...
30.07.2022 13:32:06 Form_Activate
Started ...
30.07.2022 13:32:06 Form_Activate
b4 paraakhna tasdeek ...
30.07.2022 13:32:06 ParekhnaTasdeek
b4 KiaAwwal...
30.07.2022 13:32:06 ParekhnaTasdeek
b4 LainaIJanchDin...
30.07.2022 13:32:06 ParekhnaTasdeek call: 
-1
30.07.2022 13:34:30 ParekhnaTasdeek call: 
-1
30.07.2022 13:34:34 ParekhnaTasdeek call: 
-1
30.07.2022 13:34:41 ParekhnaTasdeek call: 
-1
30.07.2022 13:39:46 Form_Activate
Started ...
30.07.2022 13:39:47 Form_Activate
b4 paraakhna tasdeek ...
30.07.2022 13:39:47 ParekhnaTasdeek
b4 KiaAwwal...
30.07.2022 13:39:47 ParekhnaTasdeek
b4 LainaIJanchDin...
30.07.2022 13:39:48 ParekhnaTasdeek call: 
-1
30.07.2022 13:40:33 ParekhnaTasdeek
b4 LainaIJanchDin...
30.07.2022 13:40:33 Form_Activate
Started ...
30.07.2022 13:40:33 Form_Activate
b4 paraakhna tasdeek ...
30.07.2022 13:40:33 ParekhnaTasdeek
b4 KiaAwwal...
30.07.2022 13:40:33 ParekhnaTasdeek
b4 LainaIJanchDin...
30.07.2022 13:40:34 ParekhnaTasdeek call: 
-1
30.07.2022 13:42:10 ParekhnaTasdeek
b4 LainaIJanchDin...
30.07.2022 13:42:10 Form_Activate
Started ...
30.07.2022 13:42:10 Form_Activate
b4 paraakhna tasdeek ...
30.07.2022 13:42:10 ParekhnaTasdeek
b4 KiaAwwal...
30.07.2022 13:42:10 ParekhnaTasdeek
b4 LainaIJanchDin...
30.07.2022 13:42:10 ParekhnaTasdeek call: 
-1
30.07.2022 13:43:47 ParekhnaTasdeek call: 
-1
30.07.2022 13:43:49 ParekhnaTasdeek call: 
-1
30.07.2022 13:43:50 ParekhnaTasdeek call: 
-1
